<?xml version="1.0" encoding="UTF-8"?>
<!-- Generated by org.testng.reporters.JUnitReportReporter -->
<testsuite name="com.handson.Uploading" tests="1" time="5.695" ignored="0" failures="0" timestamp="04 Aug 2022 16:30:22 GMT" skipped="0" hostname="OMEN" errors="0">
  <testcase name="uploadAFile" time="5.695" classname="com.handson.Uploading"/>
</testsuite> <!-- com.handson.Uploading -->
